ARM GAS  /tmp/ccz1cijq.s 			page 1


   1              		.cpu cortex-m4
   2              		.eabi_attribute 27, 1
   3              		.eabi_attribute 28, 1
   4              		.eabi_attribute 20, 1
   5              		.eabi_attribute 21, 1
   6              		.eabi_attribute 23, 3
   7              		.eabi_attribute 24, 1
   8              		.eabi_attribute 25, 1
   9              		.eabi_attribute 26, 1
  10              		.eabi_attribute 30, 1
  11              		.eabi_attribute 34, 1
  12              		.eabi_attribute 18, 4
  13              		.file	"main.c"
  14              		.text
  15              	.Ltext0:
  16              		.cfi_sections	.debug_frame
  17              		.section	.text.MX_GPIO_Init,"ax",%progbits
  18              		.align	1
  19              		.syntax unified
  20              		.thumb
  21              		.thumb_func
  22              		.fpu fpv4-sp-d16
  24              	MX_GPIO_Init:
  25              	.LFB136:
  26              		.file 1 "Src/main.c"
   1:Src/main.c    **** /* USER CODE BEGIN Header */
   2:Src/main.c    **** /**
   3:Src/main.c    ****   ******************************************************************************
   4:Src/main.c    ****   * @file           : main.c
   5:Src/main.c    ****   * @brief          : Main program body
   6:Src/main.c    ****   ******************************************************************************
   7:Src/main.c    ****   * @attention
   8:Src/main.c    ****   *
   9:Src/main.c    ****   * <h2><center>&copy; Copyright (c) 2020 STMicroelectronics.
  10:Src/main.c    ****   * All rights reserved.</center></h2>
  11:Src/main.c    ****   *
  12:Src/main.c    ****   * This software component is licensed by ST under BSD 3-Clause license,
  13:Src/main.c    ****   * the "License"; You may not use this file except in compliance with the
  14:Src/main.c    ****   * License. You may obtain a copy of the License at:
  15:Src/main.c    ****   *                        opensource.org/licenses/BSD-3-Clause
  16:Src/main.c    ****   *
  17:Src/main.c    ****   ******************************************************************************
  18:Src/main.c    ****   */
  19:Src/main.c    **** /* USER CODE END Header */
  20:Src/main.c    **** 
  21:Src/main.c    **** /* Includes ------------------------------------------------------------------*/
  22:Src/main.c    **** #include "main.h"
  23:Src/main.c    **** 
  24:Src/main.c    **** /* Private includes ----------------------------------------------------------*/
  25:Src/main.c    **** /* USER CODE BEGIN Includes */
  26:Src/main.c    **** #include <math.h>
  27:Src/main.c    **** #include <stdio.h>
  28:Src/main.c    **** #include <stdlib.h>
  29:Src/main.c    **** /* USER CODE END Includes */
  30:Src/main.c    **** 
  31:Src/main.c    **** /* Private typedef -----------------------------------------------------------*/
  32:Src/main.c    **** /* USER CODE BEGIN PTD */
ARM GAS  /tmp/ccz1cijq.s 			page 2


  33:Src/main.c    **** 
  34:Src/main.c    **** /* USER CODE END PTD */
  35:Src/main.c    **** 
  36:Src/main.c    **** /* Private define ------------------------------------------------------------*/
  37:Src/main.c    **** /* USER CODE BEGIN PD */
  38:Src/main.c    **** /* USER CODE END PD */
  39:Src/main.c    **** 
  40:Src/main.c    **** /* Private macro -------------------------------------------------------------*/
  41:Src/main.c    **** /* USER CODE BEGIN PM */
  42:Src/main.c    **** 
  43:Src/main.c    **** /* USER CODE END PM */
  44:Src/main.c    **** 
  45:Src/main.c    **** /* Private variables ---------------------------------------------------------*/
  46:Src/main.c    **** UART_HandleTypeDef huart2;
  47:Src/main.c    **** 
  48:Src/main.c    **** /* USER CODE BEGIN PV */
  49:Src/main.c    **** 
  50:Src/main.c    **** /* USER CODE END PV */
  51:Src/main.c    **** 
  52:Src/main.c    **** /* Private function prototypes -----------------------------------------------*/
  53:Src/main.c    **** void SystemClock_Config(void);
  54:Src/main.c    **** static void MX_GPIO_Init(void);
  55:Src/main.c    **** static void MX_USART2_UART_Init(void);
  56:Src/main.c    **** /* USER CODE BEGIN PFP */
  57:Src/main.c    **** 
  58:Src/main.c    **** /* USER CODE END PFP */
  59:Src/main.c    **** 
  60:Src/main.c    **** /* Private user code ---------------------------------------------------------*/
  61:Src/main.c    **** /* USER CODE BEGIN 0 */
  62:Src/main.c    **** 
  63:Src/main.c    **** /* USER CODE END 0 */
  64:Src/main.c    **** 
  65:Src/main.c    **** /**
  66:Src/main.c    ****   * @brief  The application entry point.
  67:Src/main.c    ****   * @retval int
  68:Src/main.c    ****   */
  69:Src/main.c    **** int main(void)
  70:Src/main.c    **** {
  71:Src/main.c    ****   /* USER CODE BEGIN 1 */
  72:Src/main.c    **** 
  73:Src/main.c    ****   /* USER CODE END 1 */
  74:Src/main.c    **** 
  75:Src/main.c    **** 
  76:Src/main.c    ****   /* MCU Configuration--------------------------------------------------------*/
  77:Src/main.c    **** 
  78:Src/main.c    ****   /* Reset of all peripherals, Initializes the Flash interface and the Systick. */
  79:Src/main.c    ****   HAL_Init();
  80:Src/main.c    **** 
  81:Src/main.c    ****   /* USER CODE BEGIN Init */
  82:Src/main.c    **** 
  83:Src/main.c    ****   /* USER CODE END Init */
  84:Src/main.c    **** 
  85:Src/main.c    ****   /* Configure the system clock */
  86:Src/main.c    ****   SystemClock_Config();
  87:Src/main.c    **** 
  88:Src/main.c    ****   /* USER CODE BEGIN SysInit */
  89:Src/main.c    **** 
ARM GAS  /tmp/ccz1cijq.s 			page 3


  90:Src/main.c    ****   /* USER CODE END SysInit */
  91:Src/main.c    **** 
  92:Src/main.c    ****   /* Initialize all configured peripherals */
  93:Src/main.c    ****   MX_GPIO_Init();
  94:Src/main.c    ****   MX_USART2_UART_Init();
  95:Src/main.c    ****   /* USER CODE BEGIN 2 */
  96:Src/main.c    **** 
  97:Src/main.c    ****   /* USER CODE END 2 */
  98:Src/main.c    **** 
  99:Src/main.c    **** 
 100:Src/main.c    **** 
 101:Src/main.c    ****   /* Infinite loop */
 102:Src/main.c    ****   /* USER CODE BEGIN WHILE */
 103:Src/main.c    ****   float signaux[4];
 104:Src/main.c    ****   int i=0;
 105:Src/main.c    ****   while (1)
 106:Src/main.c    ****   {
 107:Src/main.c    ****     i++;
 108:Src/main.c    ****     signaux[0] = sinf((float)i/20);
 109:Src/main.c    ****     signaux[1] = cosf(signaux[0]);
 110:Src/main.c    ****     signaux[2] = exp(signaux[0]);
 111:Src/main.c    ****     signaux[3] = exp(signaux[1]);
 112:Src/main.c    ****     transmetTrame(signaux, 4);
 113:Src/main.c    ****     HAL_Delay(20);
 114:Src/main.c    **** 
 115:Src/main.c    ****     /* USER CODE END WHILE */
 116:Src/main.c    **** 
 117:Src/main.c    ****     /* USER CODE BEGIN 3 */
 118:Src/main.c    ****   }
 119:Src/main.c    ****   /* USER CODE END 3 */
 120:Src/main.c    **** }
 121:Src/main.c    **** 
 122:Src/main.c    **** /**
 123:Src/main.c    ****   * @brief System Clock Configuration
 124:Src/main.c    ****   * @retval None
 125:Src/main.c    ****   */
 126:Src/main.c    **** void SystemClock_Config(void)
 127:Src/main.c    **** {
 128:Src/main.c    ****   RCC_OscInitTypeDef RCC_OscInitStruct = {0};
 129:Src/main.c    ****   RCC_ClkInitTypeDef RCC_ClkInitStruct = {0};
 130:Src/main.c    **** 
 131:Src/main.c    ****   /** Configure the main internal regulator output voltage
 132:Src/main.c    ****   */
 133:Src/main.c    ****   __HAL_RCC_PWR_CLK_ENABLE();
 134:Src/main.c    ****   __HAL_PWR_VOLTAGESCALING_CONFIG(PWR_REGULATOR_VOLTAGE_SCALE2);
 135:Src/main.c    ****   /** Initializes the CPU, AHB and APB busses clocks
 136:Src/main.c    ****   */
 137:Src/main.c    ****   RCC_OscInitStruct.OscillatorType = RCC_OSCILLATORTYPE_HSI;
 138:Src/main.c    ****   RCC_OscInitStruct.HSIState = RCC_HSI_ON;
 139:Src/main.c    ****   RCC_OscInitStruct.HSICalibrationValue = RCC_HSICALIBRATION_DEFAULT;
 140:Src/main.c    ****   RCC_OscInitStruct.PLL.PLLState = RCC_PLL_ON;
 141:Src/main.c    ****   RCC_OscInitStruct.PLL.PLLSource = RCC_PLLSOURCE_HSI;
 142:Src/main.c    ****   RCC_OscInitStruct.PLL.PLLM = 16;
 143:Src/main.c    ****   RCC_OscInitStruct.PLL.PLLN = 336;
 144:Src/main.c    ****   RCC_OscInitStruct.PLL.PLLP = RCC_PLLP_DIV4;
 145:Src/main.c    ****   RCC_OscInitStruct.PLL.PLLQ = 7;
 146:Src/main.c    ****   if (HAL_RCC_OscConfig(&RCC_OscInitStruct) != HAL_OK)
ARM GAS  /tmp/ccz1cijq.s 			page 4


 147:Src/main.c    ****   {
 148:Src/main.c    ****     Error_Handler();
 149:Src/main.c    ****   }
 150:Src/main.c    ****   /** Initializes the CPU, AHB and APB busses clocks
 151:Src/main.c    ****   */
 152:Src/main.c    ****   RCC_ClkInitStruct.ClockType = RCC_CLOCKTYPE_HCLK|RCC_CLOCKTYPE_SYSCLK
 153:Src/main.c    ****                               |RCC_CLOCKTYPE_PCLK1|RCC_CLOCKTYPE_PCLK2;
 154:Src/main.c    ****   RCC_ClkInitStruct.SYSCLKSource = RCC_SYSCLKSOURCE_PLLCLK;
 155:Src/main.c    ****   RCC_ClkInitStruct.AHBCLKDivider = RCC_SYSCLK_DIV1;
 156:Src/main.c    ****   RCC_ClkInitStruct.APB1CLKDivider = RCC_HCLK_DIV2;
 157:Src/main.c    ****   RCC_ClkInitStruct.APB2CLKDivider = RCC_HCLK_DIV1;
 158:Src/main.c    **** 
 159:Src/main.c    ****   if (HAL_RCC_ClockConfig(&RCC_ClkInitStruct, FLASH_LATENCY_2) != HAL_OK)
 160:Src/main.c    ****   {
 161:Src/main.c    ****     Error_Handler();
 162:Src/main.c    ****   }
 163:Src/main.c    **** }
 164:Src/main.c    **** 
 165:Src/main.c    **** /**
 166:Src/main.c    ****   * @brief USART2 Initialization Function
 167:Src/main.c    ****   * @param None
 168:Src/main.c    ****   * @retval None
 169:Src/main.c    ****   */
 170:Src/main.c    **** static void MX_USART2_UART_Init(void)
 171:Src/main.c    **** {
 172:Src/main.c    **** 
 173:Src/main.c    ****   /* USER CODE BEGIN USART2_Init 0 */
 174:Src/main.c    **** 
 175:Src/main.c    ****   /* USER CODE END USART2_Init 0 */
 176:Src/main.c    **** 
 177:Src/main.c    ****   /* USER CODE BEGIN USART2_Init 1 */
 178:Src/main.c    **** 
 179:Src/main.c    ****   /* USER CODE END USART2_Init 1 */
 180:Src/main.c    ****   huart2.Instance = USART2;
 181:Src/main.c    ****   huart2.Init.BaudRate = 921600;
 182:Src/main.c    ****   huart2.Init.WordLength = UART_WORDLENGTH_8B;
 183:Src/main.c    ****   huart2.Init.StopBits = UART_STOPBITS_1;
 184:Src/main.c    ****   huart2.Init.Parity = UART_PARITY_NONE;
 185:Src/main.c    ****   huart2.Init.Mode = UART_MODE_TX_RX;
 186:Src/main.c    ****   huart2.Init.HwFlowCtl = UART_HWCONTROL_NONE;
 187:Src/main.c    ****   huart2.Init.OverSampling = UART_OVERSAMPLING_16;
 188:Src/main.c    ****   if (HAL_UART_Init(&huart2) != HAL_OK)
 189:Src/main.c    ****   {
 190:Src/main.c    ****     Error_Handler();
 191:Src/main.c    ****   }
 192:Src/main.c    ****   /* USER CODE BEGIN USART2_Init 2 */
 193:Src/main.c    **** 
 194:Src/main.c    ****   /* USER CODE END USART2_Init 2 */
 195:Src/main.c    **** 
 196:Src/main.c    **** }
 197:Src/main.c    **** 
 198:Src/main.c    **** /**
 199:Src/main.c    ****   * @brief GPIO Initialization Function
 200:Src/main.c    ****   * @param None
 201:Src/main.c    ****   * @retval None
 202:Src/main.c    ****   */
 203:Src/main.c    **** static void MX_GPIO_Init(void)
ARM GAS  /tmp/ccz1cijq.s 			page 5


 204:Src/main.c    **** {
  27              		.loc 1 204 0
  28              		.cfi_startproc
  29              		@ args = 0, pretend = 0, frame = 40
  30              		@ frame_needed = 0, uses_anonymous_args = 0
  31 0000 30B5     		push	{r4, r5, lr}
  32              	.LCFI0:
  33              		.cfi_def_cfa_offset 12
  34              		.cfi_offset 4, -12
  35              		.cfi_offset 5, -8
  36              		.cfi_offset 14, -4
  37 0002 8BB0     		sub	sp, sp, #44
  38              	.LCFI1:
  39              		.cfi_def_cfa_offset 56
 205:Src/main.c    ****   GPIO_InitTypeDef GPIO_InitStruct = {0};
  40              		.loc 1 205 0
  41 0004 0024     		movs	r4, #0
  42 0006 0594     		str	r4, [sp, #20]
  43 0008 0694     		str	r4, [sp, #24]
  44 000a 0794     		str	r4, [sp, #28]
  45 000c 0894     		str	r4, [sp, #32]
  46 000e 0994     		str	r4, [sp, #36]
  47              	.LBB2:
 206:Src/main.c    **** 
 207:Src/main.c    ****   /* GPIO Ports Clock Enable */
 208:Src/main.c    ****   __HAL_RCC_GPIOC_CLK_ENABLE();
  48              		.loc 1 208 0
  49 0010 0194     		str	r4, [sp, #4]
  50 0012 224B     		ldr	r3, .L3
  51 0014 1A6B     		ldr	r2, [r3, #48]
  52 0016 42F00402 		orr	r2, r2, #4
  53 001a 1A63     		str	r2, [r3, #48]
  54 001c 1A6B     		ldr	r2, [r3, #48]
  55 001e 02F00402 		and	r2, r2, #4
  56 0022 0192     		str	r2, [sp, #4]
  57 0024 019A     		ldr	r2, [sp, #4]
  58              	.LBE2:
  59              	.LBB3:
 209:Src/main.c    ****   __HAL_RCC_GPIOH_CLK_ENABLE();
  60              		.loc 1 209 0
  61 0026 0294     		str	r4, [sp, #8]
  62 0028 1A6B     		ldr	r2, [r3, #48]
  63 002a 42F08002 		orr	r2, r2, #128
  64 002e 1A63     		str	r2, [r3, #48]
  65 0030 1A6B     		ldr	r2, [r3, #48]
  66 0032 02F08002 		and	r2, r2, #128
  67 0036 0292     		str	r2, [sp, #8]
  68 0038 029A     		ldr	r2, [sp, #8]
  69              	.LBE3:
  70              	.LBB4:
 210:Src/main.c    ****   __HAL_RCC_GPIOA_CLK_ENABLE();
  71              		.loc 1 210 0
  72 003a 0394     		str	r4, [sp, #12]
  73 003c 1A6B     		ldr	r2, [r3, #48]
  74 003e 42F00102 		orr	r2, r2, #1
  75 0042 1A63     		str	r2, [r3, #48]
  76 0044 1A6B     		ldr	r2, [r3, #48]
ARM GAS  /tmp/ccz1cijq.s 			page 6


  77 0046 02F00102 		and	r2, r2, #1
  78 004a 0392     		str	r2, [sp, #12]
  79 004c 039A     		ldr	r2, [sp, #12]
  80              	.LBE4:
  81              	.LBB5:
 211:Src/main.c    ****   __HAL_RCC_GPIOB_CLK_ENABLE();
  82              		.loc 1 211 0
  83 004e 0494     		str	r4, [sp, #16]
  84 0050 1A6B     		ldr	r2, [r3, #48]
  85 0052 42F00202 		orr	r2, r2, #2
  86 0056 1A63     		str	r2, [r3, #48]
  87 0058 1B6B     		ldr	r3, [r3, #48]
  88 005a 03F00203 		and	r3, r3, #2
  89 005e 0493     		str	r3, [sp, #16]
  90 0060 049B     		ldr	r3, [sp, #16]
  91              	.LBE5:
 212:Src/main.c    **** 
 213:Src/main.c    ****   /*Configure GPIO pin Output Level */
 214:Src/main.c    ****   HAL_GPIO_WritePin(LD2_GPIO_Port, LD2_Pin, GPIO_PIN_RESET);
  92              		.loc 1 214 0
  93 0062 0F4D     		ldr	r5, .L3+4
  94 0064 2246     		mov	r2, r4
  95 0066 2021     		movs	r1, #32
  96 0068 2846     		mov	r0, r5
  97 006a FFF7FEFF 		bl	HAL_GPIO_WritePin
  98              	.LVL0:
 215:Src/main.c    **** 
 216:Src/main.c    ****   /*Configure GPIO pin : B1_Pin */
 217:Src/main.c    ****   GPIO_InitStruct.Pin = B1_Pin;
  99              		.loc 1 217 0
 100 006e 4FF40053 		mov	r3, #8192
 101 0072 0593     		str	r3, [sp, #20]
 218:Src/main.c    ****   GPIO_InitStruct.Mode = GPIO_MODE_IT_FALLING;
 102              		.loc 1 218 0
 103 0074 0B4B     		ldr	r3, .L3+8
 104 0076 0693     		str	r3, [sp, #24]
 219:Src/main.c    ****   GPIO_InitStruct.Pull = GPIO_NOPULL;
 105              		.loc 1 219 0
 106 0078 0794     		str	r4, [sp, #28]
 220:Src/main.c    ****   HAL_GPIO_Init(B1_GPIO_Port, &GPIO_InitStruct);
 107              		.loc 1 220 0
 108 007a 05A9     		add	r1, sp, #20
 109 007c 0A48     		ldr	r0, .L3+12
 110 007e FFF7FEFF 		bl	HAL_GPIO_Init
 111              	.LVL1:
 221:Src/main.c    **** 
 222:Src/main.c    ****   /*Configure GPIO pin : LD2_Pin */
 223:Src/main.c    ****   GPIO_InitStruct.Pin = LD2_Pin;
 112              		.loc 1 223 0
 113 0082 2023     		movs	r3, #32
 114 0084 0593     		str	r3, [sp, #20]
 224:Src/main.c    ****   GPIO_InitStruct.Mode = GPIO_MODE_OUTPUT_PP;
 115              		.loc 1 224 0
 116 0086 0123     		movs	r3, #1
 117 0088 0693     		str	r3, [sp, #24]
 225:Src/main.c    ****   GPIO_InitStruct.Pull = GPIO_NOPULL;
 118              		.loc 1 225 0
ARM GAS  /tmp/ccz1cijq.s 			page 7


 119 008a 0794     		str	r4, [sp, #28]
 226:Src/main.c    ****   GPIO_InitStruct.Speed = GPIO_SPEED_FREQ_LOW;
 120              		.loc 1 226 0
 121 008c 0894     		str	r4, [sp, #32]
 227:Src/main.c    ****   HAL_GPIO_Init(LD2_GPIO_Port, &GPIO_InitStruct);
 122              		.loc 1 227 0
 123 008e 05A9     		add	r1, sp, #20
 124 0090 2846     		mov	r0, r5
 125 0092 FFF7FEFF 		bl	HAL_GPIO_Init
 126              	.LVL2:
 228:Src/main.c    **** 
 229:Src/main.c    **** }
 127              		.loc 1 229 0
 128 0096 0BB0     		add	sp, sp, #44
 129              	.LCFI2:
 130              		.cfi_def_cfa_offset 12
 131              		@ sp needed
 132 0098 30BD     		pop	{r4, r5, pc}
 133              	.L4:
 134 009a 00BF     		.align	2
 135              	.L3:
 136 009c 00380240 		.word	1073887232
 137 00a0 00000240 		.word	1073872896
 138 00a4 00002110 		.word	270598144
 139 00a8 00080240 		.word	1073874944
 140              		.cfi_endproc
 141              	.LFE136:
 143              		.section	.text.MX_USART2_UART_Init,"ax",%progbits
 144              		.align	1
 145              		.syntax unified
 146              		.thumb
 147              		.thumb_func
 148              		.fpu fpv4-sp-d16
 150              	MX_USART2_UART_Init:
 151              	.LFB135:
 171:Src/main.c    **** 
 152              		.loc 1 171 0
 153              		.cfi_startproc
 154              		@ args = 0, pretend = 0, frame = 0
 155              		@ frame_needed = 0, uses_anonymous_args = 0
 156 0000 08B5     		push	{r3, lr}
 157              	.LCFI3:
 158              		.cfi_def_cfa_offset 8
 159              		.cfi_offset 3, -8
 160              		.cfi_offset 14, -4
 180:Src/main.c    ****   huart2.Init.BaudRate = 921600;
 161              		.loc 1 180 0
 162 0002 0848     		ldr	r0, .L7
 163 0004 084B     		ldr	r3, .L7+4
 164 0006 0360     		str	r3, [r0]
 181:Src/main.c    ****   huart2.Init.WordLength = UART_WORDLENGTH_8B;
 165              		.loc 1 181 0
 166 0008 4FF46123 		mov	r3, #921600
 167 000c 4360     		str	r3, [r0, #4]
 182:Src/main.c    ****   huart2.Init.StopBits = UART_STOPBITS_1;
 168              		.loc 1 182 0
 169 000e 0023     		movs	r3, #0
ARM GAS  /tmp/ccz1cijq.s 			page 8


 170 0010 8360     		str	r3, [r0, #8]
 183:Src/main.c    ****   huart2.Init.Parity = UART_PARITY_NONE;
 171              		.loc 1 183 0
 172 0012 C360     		str	r3, [r0, #12]
 184:Src/main.c    ****   huart2.Init.Mode = UART_MODE_TX_RX;
 173              		.loc 1 184 0
 174 0014 0361     		str	r3, [r0, #16]
 185:Src/main.c    ****   huart2.Init.HwFlowCtl = UART_HWCONTROL_NONE;
 175              		.loc 1 185 0
 176 0016 0C22     		movs	r2, #12
 177 0018 4261     		str	r2, [r0, #20]
 186:Src/main.c    ****   huart2.Init.OverSampling = UART_OVERSAMPLING_16;
 178              		.loc 1 186 0
 179 001a 8361     		str	r3, [r0, #24]
 187:Src/main.c    ****   if (HAL_UART_Init(&huart2) != HAL_OK)
 180              		.loc 1 187 0
 181 001c C361     		str	r3, [r0, #28]
 188:Src/main.c    ****   {
 182              		.loc 1 188 0
 183 001e FFF7FEFF 		bl	HAL_UART_Init
 184              	.LVL3:
 196:Src/main.c    **** 
 185              		.loc 1 196 0
 186 0022 08BD     		pop	{r3, pc}
 187              	.L8:
 188              		.align	2
 189              	.L7:
 190 0024 00000000 		.word	huart2
 191 0028 00440040 		.word	1073759232
 192              		.cfi_endproc
 193              	.LFE135:
 195              		.section	.text.SystemClock_Config,"ax",%progbits
 196              		.align	1
 197              		.global	SystemClock_Config
 198              		.syntax unified
 199              		.thumb
 200              		.thumb_func
 201              		.fpu fpv4-sp-d16
 203              	SystemClock_Config:
 204              	.LFB134:
 127:Src/main.c    ****   RCC_OscInitTypeDef RCC_OscInitStruct = {0};
 205              		.loc 1 127 0
 206              		.cfi_startproc
 207              		@ args = 0, pretend = 0, frame = 80
 208              		@ frame_needed = 0, uses_anonymous_args = 0
 209 0000 30B5     		push	{r4, r5, lr}
 210              	.LCFI4:
 211              		.cfi_def_cfa_offset 12
 212              		.cfi_offset 4, -12
 213              		.cfi_offset 5, -8
 214              		.cfi_offset 14, -4
 215 0002 95B0     		sub	sp, sp, #84
 216              	.LCFI5:
 217              		.cfi_def_cfa_offset 96
 128:Src/main.c    ****   RCC_ClkInitTypeDef RCC_ClkInitStruct = {0};
 218              		.loc 1 128 0
 219 0004 3022     		movs	r2, #48
ARM GAS  /tmp/ccz1cijq.s 			page 9


 220 0006 0021     		movs	r1, #0
 221 0008 08A8     		add	r0, sp, #32
 222 000a FFF7FEFF 		bl	memset
 223              	.LVL4:
 129:Src/main.c    **** 
 224              		.loc 1 129 0
 225 000e 0024     		movs	r4, #0
 226 0010 0394     		str	r4, [sp, #12]
 227 0012 0494     		str	r4, [sp, #16]
 228 0014 0594     		str	r4, [sp, #20]
 229 0016 0694     		str	r4, [sp, #24]
 230 0018 0794     		str	r4, [sp, #28]
 231              	.LBB6:
 133:Src/main.c    ****   __HAL_PWR_VOLTAGESCALING_CONFIG(PWR_REGULATOR_VOLTAGE_SCALE2);
 232              		.loc 1 133 0
 233 001a 0194     		str	r4, [sp, #4]
 234 001c 1B4B     		ldr	r3, .L11
 235 001e 1A6C     		ldr	r2, [r3, #64]
 236 0020 42F08052 		orr	r2, r2, #268435456
 237 0024 1A64     		str	r2, [r3, #64]
 238 0026 1B6C     		ldr	r3, [r3, #64]
 239 0028 03F08053 		and	r3, r3, #268435456
 240 002c 0193     		str	r3, [sp, #4]
 241 002e 019B     		ldr	r3, [sp, #4]
 242              	.LBE6:
 243              	.LBB7:
 134:Src/main.c    ****   /** Initializes the CPU, AHB and APB busses clocks
 244              		.loc 1 134 0
 245 0030 0294     		str	r4, [sp, #8]
 246 0032 174A     		ldr	r2, .L11+4
 247 0034 1368     		ldr	r3, [r2]
 248 0036 23F44043 		bic	r3, r3, #49152
 249 003a 43F40043 		orr	r3, r3, #32768
 250 003e 1360     		str	r3, [r2]
 251 0040 1368     		ldr	r3, [r2]
 252 0042 03F44043 		and	r3, r3, #49152
 253 0046 0293     		str	r3, [sp, #8]
 254 0048 029B     		ldr	r3, [sp, #8]
 255              	.LBE7:
 137:Src/main.c    ****   RCC_OscInitStruct.HSIState = RCC_HSI_ON;
 256              		.loc 1 137 0
 257 004a 0225     		movs	r5, #2
 258 004c 0895     		str	r5, [sp, #32]
 138:Src/main.c    ****   RCC_OscInitStruct.HSICalibrationValue = RCC_HSICALIBRATION_DEFAULT;
 259              		.loc 1 138 0
 260 004e 0123     		movs	r3, #1
 261 0050 0B93     		str	r3, [sp, #44]
 139:Src/main.c    ****   RCC_OscInitStruct.PLL.PLLState = RCC_PLL_ON;
 262              		.loc 1 139 0
 263 0052 1023     		movs	r3, #16
 264 0054 0C93     		str	r3, [sp, #48]
 140:Src/main.c    ****   RCC_OscInitStruct.PLL.PLLSource = RCC_PLLSOURCE_HSI;
 265              		.loc 1 140 0
 266 0056 0E95     		str	r5, [sp, #56]
 141:Src/main.c    ****   RCC_OscInitStruct.PLL.PLLM = 16;
 267              		.loc 1 141 0
 268 0058 0F94     		str	r4, [sp, #60]
ARM GAS  /tmp/ccz1cijq.s 			page 10


 142:Src/main.c    ****   RCC_OscInitStruct.PLL.PLLN = 336;
 269              		.loc 1 142 0
 270 005a 1093     		str	r3, [sp, #64]
 143:Src/main.c    ****   RCC_OscInitStruct.PLL.PLLP = RCC_PLLP_DIV4;
 271              		.loc 1 143 0
 272 005c 4FF4A873 		mov	r3, #336
 273 0060 1193     		str	r3, [sp, #68]
 144:Src/main.c    ****   RCC_OscInitStruct.PLL.PLLQ = 7;
 274              		.loc 1 144 0
 275 0062 0423     		movs	r3, #4
 276 0064 1293     		str	r3, [sp, #72]
 145:Src/main.c    ****   if (HAL_RCC_OscConfig(&RCC_OscInitStruct) != HAL_OK)
 277              		.loc 1 145 0
 278 0066 0723     		movs	r3, #7
 279 0068 1393     		str	r3, [sp, #76]
 146:Src/main.c    ****   {
 280              		.loc 1 146 0
 281 006a 08A8     		add	r0, sp, #32
 282 006c FFF7FEFF 		bl	HAL_RCC_OscConfig
 283              	.LVL5:
 152:Src/main.c    ****                               |RCC_CLOCKTYPE_PCLK1|RCC_CLOCKTYPE_PCLK2;
 284              		.loc 1 152 0
 285 0070 0F23     		movs	r3, #15
 286 0072 0393     		str	r3, [sp, #12]
 154:Src/main.c    ****   RCC_ClkInitStruct.AHBCLKDivider = RCC_SYSCLK_DIV1;
 287              		.loc 1 154 0
 288 0074 0495     		str	r5, [sp, #16]
 155:Src/main.c    ****   RCC_ClkInitStruct.APB1CLKDivider = RCC_HCLK_DIV2;
 289              		.loc 1 155 0
 290 0076 0594     		str	r4, [sp, #20]
 156:Src/main.c    ****   RCC_ClkInitStruct.APB2CLKDivider = RCC_HCLK_DIV1;
 291              		.loc 1 156 0
 292 0078 4FF48053 		mov	r3, #4096
 293 007c 0693     		str	r3, [sp, #24]
 157:Src/main.c    **** 
 294              		.loc 1 157 0
 295 007e 0794     		str	r4, [sp, #28]
 159:Src/main.c    ****   {
 296              		.loc 1 159 0
 297 0080 2946     		mov	r1, r5
 298 0082 03A8     		add	r0, sp, #12
 299 0084 FFF7FEFF 		bl	HAL_RCC_ClockConfig
 300              	.LVL6:
 163:Src/main.c    **** 
 301              		.loc 1 163 0
 302 0088 15B0     		add	sp, sp, #84
 303              	.LCFI6:
 304              		.cfi_def_cfa_offset 12
 305              		@ sp needed
 306 008a 30BD     		pop	{r4, r5, pc}
 307              	.L12:
 308              		.align	2
 309              	.L11:
 310 008c 00380240 		.word	1073887232
 311 0090 00700040 		.word	1073770496
 312              		.cfi_endproc
 313              	.LFE134:
ARM GAS  /tmp/ccz1cijq.s 			page 11


 315              		.section	.text.transmetFlottant,"ax",%progbits
 316              		.align	1
 317              		.global	transmetFlottant
 318              		.syntax unified
 319              		.thumb
 320              		.thumb_func
 321              		.fpu fpv4-sp-d16
 323              	transmetFlottant:
 324              	.LFB137:
 230:Src/main.c    **** 
 231:Src/main.c    **** /* USER CODE BEGIN 4 */
 232:Src/main.c    **** int transmetFlottant(float val){
 325              		.loc 1 232 0
 326              		.cfi_startproc
 327              		@ args = 0, pretend = 0, frame = 8
 328              		@ frame_needed = 0, uses_anonymous_args = 0
 329              	.LVL7:
 330 0000 00B5     		push	{lr}
 331              	.LCFI7:
 332              		.cfi_def_cfa_offset 4
 333              		.cfi_offset 14, -4
 334 0002 85B0     		sub	sp, sp, #20
 335              	.LCFI8:
 336              		.cfi_def_cfa_offset 24
 233:Src/main.c    ****   flottant valeur;
 234:Src/main.c    ****   valeur.val = val;
 235:Src/main.c    ****   char tampon[8];
 236:Src/main.c    ****   sprintf(tampon, "%02x%02x%02x%02x", valeur.octets.A, valeur.octets.B, valeur.octets.C, valeur.oct
 337              		.loc 1 236 0
 338 0004 10EE102A 		vmov	r2, s0	@ int
 339 0008 130E     		lsrs	r3, r2, #24
 340 000a 0193     		str	r3, [sp, #4]
 341 000c C2F30743 		ubfx	r3, r2, #16, #8
 342 0010 0093     		str	r3, [sp]
 343 0012 C2F30723 		ubfx	r3, r2, #8, #8
 344 0016 D2B2     		uxtb	r2, r2
 345 0018 0749     		ldr	r1, .L15
 346 001a 02A8     		add	r0, sp, #8
 347 001c FFF7FEFF 		bl	sprintf
 348              	.LVL8:
 237:Src/main.c    ****   HAL_UART_Transmit(&huart2, tampon, 8, 10);
 349              		.loc 1 237 0
 350 0020 0A23     		movs	r3, #10
 351 0022 0822     		movs	r2, #8
 352 0024 0DEB0201 		add	r1, sp, r2
 353 0028 0448     		ldr	r0, .L15+4
 354 002a FFF7FEFF 		bl	HAL_UART_Transmit
 355              	.LVL9:
 238:Src/main.c    ****   return 0;
 239:Src/main.c    **** }
 356              		.loc 1 239 0
 357 002e 0020     		movs	r0, #0
 358 0030 05B0     		add	sp, sp, #20
 359              	.LCFI9:
 360              		.cfi_def_cfa_offset 4
 361              		@ sp needed
 362 0032 5DF804FB 		ldr	pc, [sp], #4
ARM GAS  /tmp/ccz1cijq.s 			page 12


 363              	.L16:
 364 0036 00BF     		.align	2
 365              	.L15:
 366 0038 00000000 		.word	.LC0
 367 003c 00000000 		.word	huart2
 368              		.cfi_endproc
 369              	.LFE137:
 371              		.section	.text.transmetTrame,"ax",%progbits
 372              		.align	1
 373              		.global	transmetTrame
 374              		.syntax unified
 375              		.thumb
 376              		.thumb_func
 377              		.fpu fpv4-sp-d16
 379              	transmetTrame:
 380              	.LFB138:
 240:Src/main.c    **** 
 241:Src/main.c    **** int transmetTrame(float* tab_val, int nb_val){
 381              		.loc 1 241 0
 382              		.cfi_startproc
 383              		@ args = 0, pretend = 0, frame = 8
 384              		@ frame_needed = 0, uses_anonymous_args = 0
 385              	.LVL10:
 386 0000 70B5     		push	{r4, r5, r6, lr}
 387              	.LCFI10:
 388              		.cfi_def_cfa_offset 16
 389              		.cfi_offset 4, -16
 390              		.cfi_offset 5, -12
 391              		.cfi_offset 6, -8
 392              		.cfi_offset 14, -4
 393 0002 82B0     		sub	sp, sp, #8
 394              	.LCFI11:
 395              		.cfi_def_cfa_offset 24
 396 0004 0646     		mov	r6, r0
 397 0006 0D46     		mov	r5, r1
 398              	.LVL11:
 242:Src/main.c    ****   int i;
 243:Src/main.c    ****   for(i=0;i<nb_val;i++){
 399              		.loc 1 243 0
 400 0008 0024     		movs	r4, #0
 401 000a 06E0     		b	.L18
 402              	.LVL12:
 403              	.L19:
 244:Src/main.c    ****     transmetFlottant(tab_val[i]);
 404              		.loc 1 244 0 discriminator 3
 405 000c 06EB8403 		add	r3, r6, r4, lsl #2
 406 0010 93ED000A 		vldr.32	s0, [r3]
 407 0014 FFF7FEFF 		bl	transmetFlottant
 408              	.LVL13:
 243:Src/main.c    ****     transmetFlottant(tab_val[i]);
 409              		.loc 1 243 0 discriminator 3
 410 0018 0134     		adds	r4, r4, #1
 411              	.LVL14:
 412              	.L18:
 243:Src/main.c    ****     transmetFlottant(tab_val[i]);
 413              		.loc 1 243 0 is_stmt 0 discriminator 1
 414 001a AC42     		cmp	r4, r5
ARM GAS  /tmp/ccz1cijq.s 			page 13


 415 001c F6DB     		blt	.L19
 245:Src/main.c    ****   }
 246:Src/main.c    ****   char tampon[2] = "\n";
 416              		.loc 1 246 0 is_stmt 1
 417 001e 0A23     		movs	r3, #10
 418 0020 02A9     		add	r1, sp, #8
 419 0022 21F8043D 		strh	r3, [r1, #-4]!	@ movhi
 247:Src/main.c    ****   HAL_UART_Transmit(&huart2, tampon, 1, 10);
 420              		.loc 1 247 0
 421 0026 0122     		movs	r2, #1
 422 0028 0248     		ldr	r0, .L21
 423 002a FFF7FEFF 		bl	HAL_UART_Transmit
 424              	.LVL15:
 248:Src/main.c    ****   return 0;
 249:Src/main.c    **** }
 425              		.loc 1 249 0
 426 002e 0020     		movs	r0, #0
 427 0030 02B0     		add	sp, sp, #8
 428              	.LCFI12:
 429              		.cfi_def_cfa_offset 16
 430              		@ sp needed
 431 0032 70BD     		pop	{r4, r5, r6, pc}
 432              	.LVL16:
 433              	.L22:
 434              		.align	2
 435              	.L21:
 436 0034 00000000 		.word	huart2
 437              		.cfi_endproc
 438              	.LFE138:
 440              		.global	__aeabi_f2d
 441              		.global	__aeabi_d2f
 442              		.section	.text.main,"ax",%progbits
 443              		.align	1
 444              		.global	main
 445              		.syntax unified
 446              		.thumb
 447              		.thumb_func
 448              		.fpu fpv4-sp-d16
 450              	main:
 451              	.LFB133:
  70:Src/main.c    ****   /* USER CODE BEGIN 1 */
 452              		.loc 1 70 0
 453              		.cfi_startproc
 454              		@ args = 0, pretend = 0, frame = 16
 455              		@ frame_needed = 0, uses_anonymous_args = 0
 456 0000 30B5     		push	{r4, r5, lr}
 457              	.LCFI13:
 458              		.cfi_def_cfa_offset 12
 459              		.cfi_offset 4, -12
 460              		.cfi_offset 5, -8
 461              		.cfi_offset 14, -4
 462 0002 85B0     		sub	sp, sp, #20
 463              	.LCFI14:
 464              		.cfi_def_cfa_offset 32
  79:Src/main.c    **** 
 465              		.loc 1 79 0
 466 0004 FFF7FEFF 		bl	HAL_Init
ARM GAS  /tmp/ccz1cijq.s 			page 14


 467              	.LVL17:
  86:Src/main.c    **** 
 468              		.loc 1 86 0
 469 0008 FFF7FEFF 		bl	SystemClock_Config
 470              	.LVL18:
  93:Src/main.c    ****   MX_USART2_UART_Init();
 471              		.loc 1 93 0
 472 000c FFF7FEFF 		bl	MX_GPIO_Init
 473              	.LVL19:
  94:Src/main.c    ****   /* USER CODE BEGIN 2 */
 474              		.loc 1 94 0
 475 0010 FFF7FEFF 		bl	MX_USART2_UART_Init
 476              	.LVL20:
 104:Src/main.c    ****   while (1)
 477              		.loc 1 104 0
 478 0014 0024     		movs	r4, #0
 479              	.LVL21:
 480              	.L24:
 107:Src/main.c    ****     signaux[0] = sinf((float)i/20);
 481              		.loc 1 107 0 discriminator 1
 482 0016 0134     		adds	r4, r4, #1
 483              	.LVL22:
 108:Src/main.c    ****     signaux[1] = cosf(signaux[0]);
 484              		.loc 1 108 0 discriminator 1
 485 0018 07EE904A 		vmov	s15, r4	@ int
 486 001c B8EEE70A 		vcvt.f32.s32	s0, s15
 487 0020 F3EE047A 		vmov.f32	s15, #2.0e+1
 488 0024 80EE270A 		vdiv.f32	s0, s0, s15
 489 0028 FFF7FEFF 		bl	sinf
 490              	.LVL23:
 491 002c 10EE105A 		vmov	r5, s0
 492 0030 8DED000A 		vstr.32	s0, [sp]
 109:Src/main.c    ****     signaux[2] = exp(signaux[0]);
 493              		.loc 1 109 0 discriminator 1
 494 0034 FFF7FEFF 		bl	cosf
 495              	.LVL24:
 496 0038 8DED010A 		vstr.32	s0, [sp, #4]
 110:Src/main.c    ****     signaux[3] = exp(signaux[1]);
 497              		.loc 1 110 0 discriminator 1
 498 003c 2846     		mov	r0, r5	@ float
 499 003e FFF7FEFF 		bl	__aeabi_f2d
 500              	.LVL25:
 501 0042 41EC100B 		vmov	d0, r0, r1
 502 0046 FFF7FEFF 		bl	exp
 503              	.LVL26:
 504 004a 51EC100B 		vmov	r0, r1, d0
 505 004e FFF7FEFF 		bl	__aeabi_d2f
 506              	.LVL27:
 507 0052 0290     		str	r0, [sp, #8]	@ float
 111:Src/main.c    ****     transmetTrame(signaux, 4);
 508              		.loc 1 111 0 discriminator 1
 509 0054 0198     		ldr	r0, [sp, #4]	@ float
 510 0056 FFF7FEFF 		bl	__aeabi_f2d
 511              	.LVL28:
 512 005a 41EC100B 		vmov	d0, r0, r1
 513 005e FFF7FEFF 		bl	exp
 514              	.LVL29:
ARM GAS  /tmp/ccz1cijq.s 			page 15


 515 0062 51EC100B 		vmov	r0, r1, d0
 516 0066 FFF7FEFF 		bl	__aeabi_d2f
 517              	.LVL30:
 518 006a 0390     		str	r0, [sp, #12]	@ float
 112:Src/main.c    ****     HAL_Delay(20);
 519              		.loc 1 112 0 discriminator 1
 520 006c 0421     		movs	r1, #4
 521 006e 6846     		mov	r0, sp
 522 0070 FFF7FEFF 		bl	transmetTrame
 523              	.LVL31:
 113:Src/main.c    **** 
 524              		.loc 1 113 0 discriminator 1
 525 0074 1420     		movs	r0, #20
 526 0076 FFF7FEFF 		bl	HAL_Delay
 527              	.LVL32:
 528 007a CCE7     		b	.L24
 529              		.cfi_endproc
 530              	.LFE133:
 532              		.section	.text.Error_Handler,"ax",%progbits
 533              		.align	1
 534              		.global	Error_Handler
 535              		.syntax unified
 536              		.thumb
 537              		.thumb_func
 538              		.fpu fpv4-sp-d16
 540              	Error_Handler:
 541              	.LFB139:
 250:Src/main.c    **** /* USER CODE END 4 */
 251:Src/main.c    **** 
 252:Src/main.c    **** /**
 253:Src/main.c    ****   * @brief  This function is executed in case of error occurrence.
 254:Src/main.c    ****   * @retval None
 255:Src/main.c    ****   */
 256:Src/main.c    **** void Error_Handler(void)
 257:Src/main.c    **** {
 542              		.loc 1 257 0
 543              		.cfi_startproc
 544              		@ args = 0, pretend = 0, frame = 0
 545              		@ frame_needed = 0, uses_anonymous_args = 0
 546              		@ link register save eliminated.
 258:Src/main.c    ****   /* USER CODE BEGIN Error_Handler_Debug */
 259:Src/main.c    ****   /* User can add his own implementation to report the HAL error return state */
 260:Src/main.c    **** 
 261:Src/main.c    ****   /* USER CODE END Error_Handler_Debug */
 262:Src/main.c    **** }
 547              		.loc 1 262 0
 548 0000 7047     		bx	lr
 549              		.cfi_endproc
 550              	.LFE139:
 552              		.comm	huart2,64,4
 553              		.section	.rodata.transmetFlottant.str1.4,"aMS",%progbits,1
 554              		.align	2
 555              	.LC0:
 556 0000 25303278 		.ascii	"%02x%02x%02x%02x\000"
 556      25303278 
 556      25303278 
 556      25303278 
ARM GAS  /tmp/ccz1cijq.s 			page 16


 556      00
 557              		.text
 558              	.Letext0:
 559              		.file 2 "/usr/include/newlib/machine/_default_types.h"
 560              		.file 3 "/usr/include/newlib/sys/_stdint.h"
 561              		.file 4 "Drivers/CMSIS/Include/core_cm4.h"
 562              		.file 5 "Drivers/CMSIS/Device/ST/STM32F4xx/Include/system_stm32f4xx.h"
 563              		.file 6 "Drivers/CMSIS/Device/ST/STM32F4xx/Include/stm32f401xe.h"
 564              		.file 7 "Drivers/STM32F4xx_HAL_Driver/Inc/stm32f4xx_hal_def.h"
 565              		.file 8 "Drivers/STM32F4xx_HAL_Driver/Inc/stm32f4xx_hal_rcc_ex.h"
 566              		.file 9 "Drivers/STM32F4xx_HAL_Driver/Inc/stm32f4xx_hal_rcc.h"
 567              		.file 10 "Drivers/STM32F4xx_HAL_Driver/Inc/stm32f4xx_hal_gpio.h"
 568              		.file 11 "Drivers/STM32F4xx_HAL_Driver/Inc/stm32f4xx_hal_dma.h"
 569              		.file 12 "Drivers/STM32F4xx_HAL_Driver/Inc/stm32f4xx_hal_uart.h"
 570              		.file 13 "Drivers/STM32F4xx_HAL_Driver/Inc/stm32f4xx_hal.h"
 571              		.file 14 "Inc/main.h"
 572              		.file 15 "/usr/include/newlib/sys/lock.h"
 573              		.file 16 "/usr/include/newlib/sys/_types.h"
 574              		.file 17 "/usr/lib/gcc/arm-none-eabi/7.3.1/include/stddef.h"
 575              		.file 18 "/usr/include/newlib/sys/reent.h"
 576              		.file 19 "/usr/include/newlib/math.h"
 577              		.file 20 "/usr/include/newlib/stdlib.h"
 578              		.file 21 "/usr/include/newlib/stdio.h"
 579              		.file 22 "<built-in>"
ARM GAS  /tmp/ccz1cijq.s 			page 17


DEFINED SYMBOLS
                            *ABS*:0000000000000000 main.c
     /tmp/ccz1cijq.s:18     .text.MX_GPIO_Init:0000000000000000 $t
     /tmp/ccz1cijq.s:24     .text.MX_GPIO_Init:0000000000000000 MX_GPIO_Init
     /tmp/ccz1cijq.s:136    .text.MX_GPIO_Init:000000000000009c $d
     /tmp/ccz1cijq.s:144    .text.MX_USART2_UART_Init:0000000000000000 $t
     /tmp/ccz1cijq.s:150    .text.MX_USART2_UART_Init:0000000000000000 MX_USART2_UART_Init
     /tmp/ccz1cijq.s:190    .text.MX_USART2_UART_Init:0000000000000024 $d
                            *COM*:0000000000000040 huart2
     /tmp/ccz1cijq.s:196    .text.SystemClock_Config:0000000000000000 $t
     /tmp/ccz1cijq.s:203    .text.SystemClock_Config:0000000000000000 SystemClock_Config
     /tmp/ccz1cijq.s:310    .text.SystemClock_Config:000000000000008c $d
     /tmp/ccz1cijq.s:316    .text.transmetFlottant:0000000000000000 $t
     /tmp/ccz1cijq.s:323    .text.transmetFlottant:0000000000000000 transmetFlottant
     /tmp/ccz1cijq.s:366    .text.transmetFlottant:0000000000000038 $d
     /tmp/ccz1cijq.s:372    .text.transmetTrame:0000000000000000 $t
     /tmp/ccz1cijq.s:379    .text.transmetTrame:0000000000000000 transmetTrame
     /tmp/ccz1cijq.s:436    .text.transmetTrame:0000000000000034 $d
     /tmp/ccz1cijq.s:443    .text.main:0000000000000000 $t
     /tmp/ccz1cijq.s:450    .text.main:0000000000000000 main
     /tmp/ccz1cijq.s:533    .text.Error_Handler:0000000000000000 $t
     /tmp/ccz1cijq.s:540    .text.Error_Handler:0000000000000000 Error_Handler
     /tmp/ccz1cijq.s:554    .rodata.transmetFlottant.str1.4:0000000000000000 $d

UNDEFINED SYMBOLS
HAL_GPIO_WritePin
HAL_GPIO_Init
HAL_UART_Init
memset
HAL_RCC_OscConfig
HAL_RCC_ClockConfig
sprintf
HAL_UART_Transmit
__aeabi_f2d
__aeabi_d2f
HAL_Init
sinf
cosf
exp
HAL_Delay
