ARM GAS  /tmp/ccrdoKcP.s 			page 1


   1              		.cpu cortex-m4
   2              		.eabi_attribute 27, 1
   3              		.eabi_attribute 28, 1
   4              		.eabi_attribute 20, 1
   5              		.eabi_attribute 21, 1
   6              		.eabi_attribute 23, 3
   7              		.eabi_attribute 24, 1
   8              		.eabi_attribute 25, 1
   9              		.eabi_attribute 26, 1
  10              		.eabi_attribute 30, 1
  11              		.eabi_attribute 34, 1
  12              		.eabi_attribute 18, 4
  13              		.file	"stm32f4xx_hal_msp.c"
  14              		.text
  15              	.Ltext0:
  16              		.cfi_sections	.debug_frame
  17              		.section	.text.HAL_MspInit,"ax",%progbits
  18              		.align	1
  19              		.global	HAL_MspInit
  20              		.syntax unified
  21              		.thumb
  22              		.thumb_func
  23              		.fpu fpv4-sp-d16
  25              	HAL_MspInit:
  26              	.LFB130:
  27              		.file 1 "Src/stm32f4xx_hal_msp.c"
   1:Src/stm32f4xx_hal_msp.c **** /* USER CODE BEGIN Header */
   2:Src/stm32f4xx_hal_msp.c **** /**
   3:Src/stm32f4xx_hal_msp.c ****   ******************************************************************************
   4:Src/stm32f4xx_hal_msp.c ****   * File Name          : stm32f4xx_hal_msp.c
   5:Src/stm32f4xx_hal_msp.c ****   * Description        : This file provides code for the MSP Initialization 
   6:Src/stm32f4xx_hal_msp.c ****   *                      and de-Initialization codes.
   7:Src/stm32f4xx_hal_msp.c ****   ******************************************************************************
   8:Src/stm32f4xx_hal_msp.c ****   * @attention
   9:Src/stm32f4xx_hal_msp.c ****   *
  10:Src/stm32f4xx_hal_msp.c ****   * <h2><center>&copy; Copyright (c) 2020 STMicroelectronics.
  11:Src/stm32f4xx_hal_msp.c ****   * All rights reserved.</center></h2>
  12:Src/stm32f4xx_hal_msp.c ****   *
  13:Src/stm32f4xx_hal_msp.c ****   * This software component is licensed by ST under BSD 3-Clause license,
  14:Src/stm32f4xx_hal_msp.c ****   * the "License"; You may not use this file except in compliance with the
  15:Src/stm32f4xx_hal_msp.c ****   * License. You may obtain a copy of the License at:
  16:Src/stm32f4xx_hal_msp.c ****   *                        opensource.org/licenses/BSD-3-Clause
  17:Src/stm32f4xx_hal_msp.c ****   *
  18:Src/stm32f4xx_hal_msp.c ****   ******************************************************************************
  19:Src/stm32f4xx_hal_msp.c ****   */
  20:Src/stm32f4xx_hal_msp.c **** /* USER CODE END Header */
  21:Src/stm32f4xx_hal_msp.c **** 
  22:Src/stm32f4xx_hal_msp.c **** /* Includes ------------------------------------------------------------------*/
  23:Src/stm32f4xx_hal_msp.c **** #include "main.h"
  24:Src/stm32f4xx_hal_msp.c **** /* USER CODE BEGIN Includes */
  25:Src/stm32f4xx_hal_msp.c **** 
  26:Src/stm32f4xx_hal_msp.c **** /* USER CODE END Includes */
  27:Src/stm32f4xx_hal_msp.c **** 
  28:Src/stm32f4xx_hal_msp.c **** /* Private typedef -----------------------------------------------------------*/
  29:Src/stm32f4xx_hal_msp.c **** /* USER CODE BEGIN TD */
  30:Src/stm32f4xx_hal_msp.c **** 
  31:Src/stm32f4xx_hal_msp.c **** /* USER CODE END TD */
ARM GAS  /tmp/ccrdoKcP.s 			page 2


  32:Src/stm32f4xx_hal_msp.c **** 
  33:Src/stm32f4xx_hal_msp.c **** /* Private define ------------------------------------------------------------*/
  34:Src/stm32f4xx_hal_msp.c **** /* USER CODE BEGIN Define */
  35:Src/stm32f4xx_hal_msp.c ****  
  36:Src/stm32f4xx_hal_msp.c **** /* USER CODE END Define */
  37:Src/stm32f4xx_hal_msp.c **** 
  38:Src/stm32f4xx_hal_msp.c **** /* Private macro -------------------------------------------------------------*/
  39:Src/stm32f4xx_hal_msp.c **** /* USER CODE BEGIN Macro */
  40:Src/stm32f4xx_hal_msp.c **** 
  41:Src/stm32f4xx_hal_msp.c **** /* USER CODE END Macro */
  42:Src/stm32f4xx_hal_msp.c **** 
  43:Src/stm32f4xx_hal_msp.c **** /* Private variables ---------------------------------------------------------*/
  44:Src/stm32f4xx_hal_msp.c **** /* USER CODE BEGIN PV */
  45:Src/stm32f4xx_hal_msp.c **** 
  46:Src/stm32f4xx_hal_msp.c **** /* USER CODE END PV */
  47:Src/stm32f4xx_hal_msp.c **** 
  48:Src/stm32f4xx_hal_msp.c **** /* Private function prototypes -----------------------------------------------*/
  49:Src/stm32f4xx_hal_msp.c **** /* USER CODE BEGIN PFP */
  50:Src/stm32f4xx_hal_msp.c **** 
  51:Src/stm32f4xx_hal_msp.c **** /* USER CODE END PFP */
  52:Src/stm32f4xx_hal_msp.c **** 
  53:Src/stm32f4xx_hal_msp.c **** /* External functions --------------------------------------------------------*/
  54:Src/stm32f4xx_hal_msp.c **** /* USER CODE BEGIN ExternalFunctions */
  55:Src/stm32f4xx_hal_msp.c **** 
  56:Src/stm32f4xx_hal_msp.c **** /* USER CODE END ExternalFunctions */
  57:Src/stm32f4xx_hal_msp.c **** 
  58:Src/stm32f4xx_hal_msp.c **** /* USER CODE BEGIN 0 */
  59:Src/stm32f4xx_hal_msp.c **** 
  60:Src/stm32f4xx_hal_msp.c **** /* USER CODE END 0 */
  61:Src/stm32f4xx_hal_msp.c **** /**
  62:Src/stm32f4xx_hal_msp.c ****   * Initializes the Global MSP.
  63:Src/stm32f4xx_hal_msp.c ****   */
  64:Src/stm32f4xx_hal_msp.c **** void HAL_MspInit(void)
  65:Src/stm32f4xx_hal_msp.c **** {
  28              		.loc 1 65 0
  29              		.cfi_startproc
  30              		@ args = 0, pretend = 0, frame = 8
  31              		@ frame_needed = 0, uses_anonymous_args = 0
  32 0000 00B5     		push	{lr}
  33              	.LCFI0:
  34              		.cfi_def_cfa_offset 4
  35              		.cfi_offset 14, -4
  36 0002 83B0     		sub	sp, sp, #12
  37              	.LCFI1:
  38              		.cfi_def_cfa_offset 16
  39              	.LBB2:
  66:Src/stm32f4xx_hal_msp.c ****   /* USER CODE BEGIN MspInit 0 */
  67:Src/stm32f4xx_hal_msp.c **** 
  68:Src/stm32f4xx_hal_msp.c ****   /* USER CODE END MspInit 0 */
  69:Src/stm32f4xx_hal_msp.c **** 
  70:Src/stm32f4xx_hal_msp.c ****   __HAL_RCC_SYSCFG_CLK_ENABLE();
  40              		.loc 1 70 0
  41 0004 0021     		movs	r1, #0
  42 0006 0091     		str	r1, [sp]
  43 0008 0C4B     		ldr	r3, .L3
  44 000a 5A6C     		ldr	r2, [r3, #68]
  45 000c 42F48042 		orr	r2, r2, #16384
ARM GAS  /tmp/ccrdoKcP.s 			page 3


  46 0010 5A64     		str	r2, [r3, #68]
  47 0012 5A6C     		ldr	r2, [r3, #68]
  48 0014 02F48042 		and	r2, r2, #16384
  49 0018 0092     		str	r2, [sp]
  50 001a 009A     		ldr	r2, [sp]
  51              	.LBE2:
  52              	.LBB3:
  71:Src/stm32f4xx_hal_msp.c ****   __HAL_RCC_PWR_CLK_ENABLE();
  53              		.loc 1 71 0
  54 001c 0191     		str	r1, [sp, #4]
  55 001e 1A6C     		ldr	r2, [r3, #64]
  56 0020 42F08052 		orr	r2, r2, #268435456
  57 0024 1A64     		str	r2, [r3, #64]
  58 0026 1B6C     		ldr	r3, [r3, #64]
  59 0028 03F08053 		and	r3, r3, #268435456
  60 002c 0193     		str	r3, [sp, #4]
  61 002e 019B     		ldr	r3, [sp, #4]
  62              	.LBE3:
  72:Src/stm32f4xx_hal_msp.c **** 
  73:Src/stm32f4xx_hal_msp.c ****   HAL_NVIC_SetPriorityGrouping(NVIC_PRIORITYGROUP_0);
  63              		.loc 1 73 0
  64 0030 0720     		movs	r0, #7
  65 0032 FFF7FEFF 		bl	HAL_NVIC_SetPriorityGrouping
  66              	.LVL0:
  74:Src/stm32f4xx_hal_msp.c **** 
  75:Src/stm32f4xx_hal_msp.c ****   /* System interrupt init*/
  76:Src/stm32f4xx_hal_msp.c **** 
  77:Src/stm32f4xx_hal_msp.c ****   /* USER CODE BEGIN MspInit 1 */
  78:Src/stm32f4xx_hal_msp.c **** 
  79:Src/stm32f4xx_hal_msp.c ****   /* USER CODE END MspInit 1 */
  80:Src/stm32f4xx_hal_msp.c **** }
  67              		.loc 1 80 0
  68 0036 03B0     		add	sp, sp, #12
  69              	.LCFI2:
  70              		.cfi_def_cfa_offset 4
  71              		@ sp needed
  72 0038 5DF804FB 		ldr	pc, [sp], #4
  73              	.L4:
  74              		.align	2
  75              	.L3:
  76 003c 00380240 		.word	1073887232
  77              		.cfi_endproc
  78              	.LFE130:
  80              		.section	.text.HAL_UART_MspInit,"ax",%progbits
  81              		.align	1
  82              		.global	HAL_UART_MspInit
  83              		.syntax unified
  84              		.thumb
  85              		.thumb_func
  86              		.fpu fpv4-sp-d16
  88              	HAL_UART_MspInit:
  89              	.LFB131:
  81:Src/stm32f4xx_hal_msp.c **** 
  82:Src/stm32f4xx_hal_msp.c **** /**
  83:Src/stm32f4xx_hal_msp.c **** * @brief UART MSP Initialization
  84:Src/stm32f4xx_hal_msp.c **** * This function configures the hardware resources used in this example
  85:Src/stm32f4xx_hal_msp.c **** * @param huart: UART handle pointer
ARM GAS  /tmp/ccrdoKcP.s 			page 4


  86:Src/stm32f4xx_hal_msp.c **** * @retval None
  87:Src/stm32f4xx_hal_msp.c **** */
  88:Src/stm32f4xx_hal_msp.c **** void HAL_UART_MspInit(UART_HandleTypeDef* huart)
  89:Src/stm32f4xx_hal_msp.c **** {
  90              		.loc 1 89 0
  91              		.cfi_startproc
  92              		@ args = 0, pretend = 0, frame = 32
  93              		@ frame_needed = 0, uses_anonymous_args = 0
  94              	.LVL1:
  95 0000 00B5     		push	{lr}
  96              	.LCFI3:
  97              		.cfi_def_cfa_offset 4
  98              		.cfi_offset 14, -4
  99 0002 89B0     		sub	sp, sp, #36
 100              	.LCFI4:
 101              		.cfi_def_cfa_offset 40
  90:Src/stm32f4xx_hal_msp.c ****   GPIO_InitTypeDef GPIO_InitStruct = {0};
 102              		.loc 1 90 0
 103 0004 0023     		movs	r3, #0
 104 0006 0393     		str	r3, [sp, #12]
 105 0008 0493     		str	r3, [sp, #16]
 106 000a 0593     		str	r3, [sp, #20]
 107 000c 0693     		str	r3, [sp, #24]
 108 000e 0793     		str	r3, [sp, #28]
  91:Src/stm32f4xx_hal_msp.c ****   if(huart->Instance==USART2)
 109              		.loc 1 91 0
 110 0010 0268     		ldr	r2, [r0]
 111 0012 144B     		ldr	r3, .L9
 112 0014 9A42     		cmp	r2, r3
 113 0016 02D0     		beq	.L8
 114              	.LVL2:
 115              	.L5:
  92:Src/stm32f4xx_hal_msp.c ****   {
  93:Src/stm32f4xx_hal_msp.c ****   /* USER CODE BEGIN USART2_MspInit 0 */
  94:Src/stm32f4xx_hal_msp.c **** 
  95:Src/stm32f4xx_hal_msp.c ****   /* USER CODE END USART2_MspInit 0 */
  96:Src/stm32f4xx_hal_msp.c ****     /* Peripheral clock enable */
  97:Src/stm32f4xx_hal_msp.c ****     __HAL_RCC_USART2_CLK_ENABLE();
  98:Src/stm32f4xx_hal_msp.c ****   
  99:Src/stm32f4xx_hal_msp.c ****     __HAL_RCC_GPIOA_CLK_ENABLE();
 100:Src/stm32f4xx_hal_msp.c ****     /**USART2 GPIO Configuration    
 101:Src/stm32f4xx_hal_msp.c ****     PA2     ------> USART2_TX
 102:Src/stm32f4xx_hal_msp.c ****     PA3     ------> USART2_RX 
 103:Src/stm32f4xx_hal_msp.c ****     */
 104:Src/stm32f4xx_hal_msp.c ****     GPIO_InitStruct.Pin = USART_TX_Pin|USART_RX_Pin;
 105:Src/stm32f4xx_hal_msp.c ****     GPIO_InitStruct.Mode = GPIO_MODE_AF_PP;
 106:Src/stm32f4xx_hal_msp.c ****     GPIO_InitStruct.Pull = GPIO_NOPULL;
 107:Src/stm32f4xx_hal_msp.c ****     GPIO_InitStruct.Speed = GPIO_SPEED_FREQ_LOW;
 108:Src/stm32f4xx_hal_msp.c ****     GPIO_InitStruct.Alternate = GPIO_AF7_USART2;
 109:Src/stm32f4xx_hal_msp.c ****     HAL_GPIO_Init(GPIOA, &GPIO_InitStruct);
 110:Src/stm32f4xx_hal_msp.c **** 
 111:Src/stm32f4xx_hal_msp.c ****   /* USER CODE BEGIN USART2_MspInit 1 */
 112:Src/stm32f4xx_hal_msp.c **** 
 113:Src/stm32f4xx_hal_msp.c ****   /* USER CODE END USART2_MspInit 1 */
 114:Src/stm32f4xx_hal_msp.c ****   }
 115:Src/stm32f4xx_hal_msp.c **** 
 116:Src/stm32f4xx_hal_msp.c **** }
ARM GAS  /tmp/ccrdoKcP.s 			page 5


 116              		.loc 1 116 0
 117 0018 09B0     		add	sp, sp, #36
 118              	.LCFI5:
 119              		.cfi_remember_state
 120              		.cfi_def_cfa_offset 4
 121              		@ sp needed
 122 001a 5DF804FB 		ldr	pc, [sp], #4
 123              	.LVL3:
 124              	.L8:
 125              	.LCFI6:
 126              		.cfi_restore_state
 127              	.LBB4:
  97:Src/stm32f4xx_hal_msp.c ****   
 128              		.loc 1 97 0
 129 001e 0021     		movs	r1, #0
 130 0020 0191     		str	r1, [sp, #4]
 131 0022 03F5FA33 		add	r3, r3, #128000
 132 0026 1A6C     		ldr	r2, [r3, #64]
 133 0028 42F40032 		orr	r2, r2, #131072
 134 002c 1A64     		str	r2, [r3, #64]
 135 002e 1A6C     		ldr	r2, [r3, #64]
 136 0030 02F40032 		and	r2, r2, #131072
 137 0034 0192     		str	r2, [sp, #4]
 138 0036 019A     		ldr	r2, [sp, #4]
 139              	.LBE4:
 140              	.LBB5:
  99:Src/stm32f4xx_hal_msp.c ****     /**USART2 GPIO Configuration    
 141              		.loc 1 99 0
 142 0038 0291     		str	r1, [sp, #8]
 143 003a 1A6B     		ldr	r2, [r3, #48]
 144 003c 42F00102 		orr	r2, r2, #1
 145 0040 1A63     		str	r2, [r3, #48]
 146 0042 1B6B     		ldr	r3, [r3, #48]
 147 0044 03F00103 		and	r3, r3, #1
 148 0048 0293     		str	r3, [sp, #8]
 149 004a 029B     		ldr	r3, [sp, #8]
 150              	.LBE5:
 104:Src/stm32f4xx_hal_msp.c ****     GPIO_InitStruct.Mode = GPIO_MODE_AF_PP;
 151              		.loc 1 104 0
 152 004c 0C23     		movs	r3, #12
 153 004e 0393     		str	r3, [sp, #12]
 105:Src/stm32f4xx_hal_msp.c ****     GPIO_InitStruct.Pull = GPIO_NOPULL;
 154              		.loc 1 105 0
 155 0050 0223     		movs	r3, #2
 156 0052 0493     		str	r3, [sp, #16]
 108:Src/stm32f4xx_hal_msp.c ****     HAL_GPIO_Init(GPIOA, &GPIO_InitStruct);
 157              		.loc 1 108 0
 158 0054 0723     		movs	r3, #7
 159 0056 0793     		str	r3, [sp, #28]
 109:Src/stm32f4xx_hal_msp.c **** 
 160              		.loc 1 109 0
 161 0058 03A9     		add	r1, sp, #12
 162 005a 0348     		ldr	r0, .L9+4
 163              	.LVL4:
 164 005c FFF7FEFF 		bl	HAL_GPIO_Init
 165              	.LVL5:
 166              		.loc 1 116 0
ARM GAS  /tmp/ccrdoKcP.s 			page 6


 167 0060 DAE7     		b	.L5
 168              	.L10:
 169 0062 00BF     		.align	2
 170              	.L9:
 171 0064 00440040 		.word	1073759232
 172 0068 00000240 		.word	1073872896
 173              		.cfi_endproc
 174              	.LFE131:
 176              		.section	.text.HAL_UART_MspDeInit,"ax",%progbits
 177              		.align	1
 178              		.global	HAL_UART_MspDeInit
 179              		.syntax unified
 180              		.thumb
 181              		.thumb_func
 182              		.fpu fpv4-sp-d16
 184              	HAL_UART_MspDeInit:
 185              	.LFB132:
 117:Src/stm32f4xx_hal_msp.c **** 
 118:Src/stm32f4xx_hal_msp.c **** /**
 119:Src/stm32f4xx_hal_msp.c **** * @brief UART MSP De-Initialization
 120:Src/stm32f4xx_hal_msp.c **** * This function freeze the hardware resources used in this example
 121:Src/stm32f4xx_hal_msp.c **** * @param huart: UART handle pointer
 122:Src/stm32f4xx_hal_msp.c **** * @retval None
 123:Src/stm32f4xx_hal_msp.c **** */
 124:Src/stm32f4xx_hal_msp.c **** void HAL_UART_MspDeInit(UART_HandleTypeDef* huart)
 125:Src/stm32f4xx_hal_msp.c **** {
 186              		.loc 1 125 0
 187              		.cfi_startproc
 188              		@ args = 0, pretend = 0, frame = 0
 189              		@ frame_needed = 0, uses_anonymous_args = 0
 190              	.LVL6:
 191 0000 08B5     		push	{r3, lr}
 192              	.LCFI7:
 193              		.cfi_def_cfa_offset 8
 194              		.cfi_offset 3, -8
 195              		.cfi_offset 14, -4
 126:Src/stm32f4xx_hal_msp.c ****   if(huart->Instance==USART2)
 196              		.loc 1 126 0
 197 0002 0268     		ldr	r2, [r0]
 198 0004 064B     		ldr	r3, .L15
 199 0006 9A42     		cmp	r2, r3
 200 0008 00D0     		beq	.L14
 201              	.LVL7:
 202              	.L11:
 127:Src/stm32f4xx_hal_msp.c ****   {
 128:Src/stm32f4xx_hal_msp.c ****   /* USER CODE BEGIN USART2_MspDeInit 0 */
 129:Src/stm32f4xx_hal_msp.c **** 
 130:Src/stm32f4xx_hal_msp.c ****   /* USER CODE END USART2_MspDeInit 0 */
 131:Src/stm32f4xx_hal_msp.c ****     /* Peripheral clock disable */
 132:Src/stm32f4xx_hal_msp.c ****     __HAL_RCC_USART2_CLK_DISABLE();
 133:Src/stm32f4xx_hal_msp.c ****   
 134:Src/stm32f4xx_hal_msp.c ****     /**USART2 GPIO Configuration    
 135:Src/stm32f4xx_hal_msp.c ****     PA2     ------> USART2_TX
 136:Src/stm32f4xx_hal_msp.c ****     PA3     ------> USART2_RX 
 137:Src/stm32f4xx_hal_msp.c ****     */
 138:Src/stm32f4xx_hal_msp.c ****     HAL_GPIO_DeInit(GPIOA, USART_TX_Pin|USART_RX_Pin);
 139:Src/stm32f4xx_hal_msp.c **** 
ARM GAS  /tmp/ccrdoKcP.s 			page 7


 140:Src/stm32f4xx_hal_msp.c ****   /* USER CODE BEGIN USART2_MspDeInit 1 */
 141:Src/stm32f4xx_hal_msp.c **** 
 142:Src/stm32f4xx_hal_msp.c ****   /* USER CODE END USART2_MspDeInit 1 */
 143:Src/stm32f4xx_hal_msp.c ****   }
 144:Src/stm32f4xx_hal_msp.c **** 
 145:Src/stm32f4xx_hal_msp.c **** }
 203              		.loc 1 145 0
 204 000a 08BD     		pop	{r3, pc}
 205              	.LVL8:
 206              	.L14:
 132:Src/stm32f4xx_hal_msp.c ****   
 207              		.loc 1 132 0
 208 000c 054A     		ldr	r2, .L15+4
 209 000e 136C     		ldr	r3, [r2, #64]
 210 0010 23F40033 		bic	r3, r3, #131072
 211 0014 1364     		str	r3, [r2, #64]
 138:Src/stm32f4xx_hal_msp.c **** 
 212              		.loc 1 138 0
 213 0016 0C21     		movs	r1, #12
 214 0018 0348     		ldr	r0, .L15+8
 215              	.LVL9:
 216 001a FFF7FEFF 		bl	HAL_GPIO_DeInit
 217              	.LVL10:
 218              		.loc 1 145 0
 219 001e F4E7     		b	.L11
 220              	.L16:
 221              		.align	2
 222              	.L15:
 223 0020 00440040 		.word	1073759232
 224 0024 00380240 		.word	1073887232
 225 0028 00000240 		.word	1073872896
 226              		.cfi_endproc
 227              	.LFE132:
 229              		.text
 230              	.Letext0:
 231              		.file 2 "/usr/include/newlib/machine/_default_types.h"
 232              		.file 3 "/usr/include/newlib/sys/_stdint.h"
 233              		.file 4 "Drivers/CMSIS/Include/core_cm4.h"
 234              		.file 5 "Drivers/CMSIS/Device/ST/STM32F4xx/Include/system_stm32f4xx.h"
 235              		.file 6 "Drivers/CMSIS/Device/ST/STM32F4xx/Include/stm32f401xe.h"
 236              		.file 7 "Drivers/STM32F4xx_HAL_Driver/Inc/stm32f4xx_hal_def.h"
 237              		.file 8 "Drivers/STM32F4xx_HAL_Driver/Inc/stm32f4xx_hal_gpio.h"
 238              		.file 9 "Drivers/STM32F4xx_HAL_Driver/Inc/stm32f4xx_hal_dma.h"
 239              		.file 10 "Drivers/STM32F4xx_HAL_Driver/Inc/stm32f4xx_hal_uart.h"
 240              		.file 11 "Drivers/STM32F4xx_HAL_Driver/Inc/stm32f4xx_hal.h"
 241              		.file 12 "Drivers/STM32F4xx_HAL_Driver/Inc/stm32f4xx_hal_cortex.h"
ARM GAS  /tmp/ccrdoKcP.s 			page 8


DEFINED SYMBOLS
                            *ABS*:0000000000000000 stm32f4xx_hal_msp.c
     /tmp/ccrdoKcP.s:18     .text.HAL_MspInit:0000000000000000 $t
     /tmp/ccrdoKcP.s:25     .text.HAL_MspInit:0000000000000000 HAL_MspInit
     /tmp/ccrdoKcP.s:76     .text.HAL_MspInit:000000000000003c $d
     /tmp/ccrdoKcP.s:81     .text.HAL_UART_MspInit:0000000000000000 $t
     /tmp/ccrdoKcP.s:88     .text.HAL_UART_MspInit:0000000000000000 HAL_UART_MspInit
     /tmp/ccrdoKcP.s:171    .text.HAL_UART_MspInit:0000000000000064 $d
     /tmp/ccrdoKcP.s:177    .text.HAL_UART_MspDeInit:0000000000000000 $t
     /tmp/ccrdoKcP.s:184    .text.HAL_UART_MspDeInit:0000000000000000 HAL_UART_MspDeInit
     /tmp/ccrdoKcP.s:223    .text.HAL_UART_MspDeInit:0000000000000020 $d

UNDEFINED SYMBOLS
HAL_NVIC_SetPriorityGrouping
HAL_GPIO_Init
HAL_GPIO_DeInit
